measure the execution duration of each dsa operation
the execution period is 70627956
set memory access interval: 4414247
The latency of each measurement is:

292936 288424 276876 276840 276840 276834 279822 276830 276830 276854 290226 276804 276836 276830 276822 276802 
276790 276824 276816 276798 276798 276832 276778 276812 276824 276818 276780 276782 276810 276802 276796 276788 
276790 276782 277026 276816 276818 276822 276786 276950 276800 276788 276804 290296 276844 276810 276794 276822 
276854 276806 276792 276818 276838 276780 276816 276786 276818 276808 276780 276766 276760 276740 290214 276760 
276738 276786 276742 276770 276774 276762 276760 276780 276790 276758 276796 276792 290294 276788 276756 276768 
276788 276750 278192 276746 276800 276768 276800 276832 276780 276774 276784 276798 276806 276788 276808 290362 
276798 276810 276800 276786 276772 276778 276812 276780 276784 276818 276762 276806 276778 276796 276806 276764 
276788 276746 276800 276798 276756 276812 276792 276846 276758 276798 276772 277028 276766 276798 276786 276824 
290156 276758 276786 276790 276782 276844 276786 276802 276770 276794 276788 276758 276828 276812 276822 276762 
276766 276760 276760 290304 276810 276772 276764 276776 276780 276800 276804 276784 276772 276794 276800 276786 
276842 290068 276804 276780 276788 276770 276792 276814 276792 276838 276790 276790 276768 276786 276812 276822 
276822 276814 276754 276766 290246 276820 276778 276792 276782 276782 276728 276674 276728 276768 276768 276790 
276802 276792 276802 276768 276786 276788 276792 276788 276704 276734 276732 277290 276758 276776 276752 276760 
276758 276746 276770 276780 276742 290188 276750 276748 276766 276890 276774 276766 276788 276762 276886 276714 
276776 276768 276760 276776 276744 276764 276726 276760 290188 276762 276696 276726 278528 276778 276792 276780 
276764 276768 276780 276802 276754 276772 290016 276782 276772 276768 276742 276766 276778 276778 276768 276768 
276746 276714 276762 276794 276742 276770 276766 276780 276748 290320 276756 276762 276720 276740 276770 276760 
276752 276734 276746 276784 276780 276774 276764 276756 276778 276784 276734 276782 290272 276742 276756 276748 
276746 276754 276756 276770 276770 276744 276770 276762 276734 276724 290786 276766 276742 277014 276764 276744 
276756 276772 276954 276770 276776 276768 276768 276862 279060 276764 276732 276724 276774 290182 276776 276768 
276792 276770 276756 276772 276780 276744 276780 276796 276748 276740 276774 290078 276762 276772 276770 276764 
276768 276780 276786 276760 276768 276794 276778 276790 276788 276750 276766 276766 276754 276758 290236 276760 
276742 276752 276780 276778 276732 276742 276798 276762 276746 276746 276748 276768 276776 276784 276768 276750 
276754 290372 276748 276772 276788 276726 276742 276768 276776 276732 276772 276774 276762 276760 276764 289954 
276766 327332 277308 276680 276644 276648 276690 276706 276678 276660 276674 276862 276680 276688 276706 276690 
276840 276652 290198 276678 276658 276744 276654 276696 276684 276696 276684 276660 276684 276696 276698 276722 
279638 276680 276722 276714 276712 276712 276718 276742 276688 276712 276710 276750 276710 276716 276722 276728 
276726 276704 276698 290012 276728 276710 276696 276738 276730 276722 276692 276704 276728 276708 276728 276692 
276746 276720 276714 276724 276712 276710 290252 276688 276696 276690 276714 276734 276702 276718 276732 276714 
276708 276694 276736 276750 290190 276692 276712 276698 276708 276714 276704 276710 276720 276732 276730 276728 
276736 276710 276684 276742 276898 276686 276718 290108 276726 276792 276702 276654 276660 276726 276736 276680 
276690 276682 276690 276704 276708 276726 276734 276724 276636 276716 276698 276718 276746 276732 276740 276694 
276730 276704 276702 276716 276714 276716 276732 276724 289994 276696 276730 279288 276698 276692 276612 276630 
276632 276698 276714 276698 276738 276710 276666 276718 276738 276704 276708 290228 276722 276700 276708 276696 
276722 276706 276728 276704 276730 276694 276700 276698 276734 290030 276694 276684 276698 276742 276708 276704 
276702 276690 276690 276738 276722 276726 276716 276678 276724 276740 276694 276688 290066 276930 276716 276724 
276710 276716 276874 276728 276726 276730 276732 276728 276678 276692 276698 276690 276722 276714 276710 276732 
276718 276714 276706 276726 276732 276718 276696 276770 276724 276672 276666 276700 276700 290202 276708 276718 
276732 276738 276712 276732 276732 276742 276730 276744 276688 276712 276738 276704 276738 276714 276724 276718 
290208 276736 276702 276722 276728 276676 276732 276720 276720 276720 276732 276722 276738 276748 290228 276726 
276742 276706 276732 276734 276720 276684 276712 276732 276720 276708 276708 276730 276730 276668 276698 276642 
276650 290250 276692 276682 276690 276674 276632 276622 276646 276662 276648 276834 276678 276662 276668 276678 
276732 276678 276842 276694 276682 276672 276676 276674 276650 276644 276670 276678 276666 276660 276660 276674 
276662 276678 290182 276678 276686 276726 276720 276638 276702 276658 276684 276666 276688 276698 276660 276680 
276706 276672 276664 276678 276696 290216 276664 276670 276668 276668 276664 277234 276682 276662 276672 276670 
276646 276686 276648 290090 276652 276640 276654 276644 276654 276648 276678 276660 276684 276700 276698 276644 
276694 276636 276650 276644 276720 276704 290196 276660 276680 276658 276680 276666 276652 276646 276650 276868 
276688 276834 276642 276652 276810 276674 276658 276676 276674 276696 276666 276686 276656 276648 276654 276692 
276650 276642 276674 276664 276740 276718 276754 290258 276722 276680 277262 276670 276686 276680 276694 276648 
276694 276654 276652 276636 276722 276718 276652 276652 276662 276668 290026 276686 276666 276688 276652 276664 
276662 276666 276648 276684 276676 276672 276642 276664 290188 276688 276674 276644 276660 276646 276636 276662 
276682 276664 276670 276666 276672 276646 276682 276668 276664 276694 276658 290216 276680 277942 276666 276682 
276664 276684 276596 276666 276620 276690 276656 276666 276650 276640 276654 276666 276686 276832 290298 276670 
276698 276664 276768 276680 276658 276686 276700 276658 276712 276670 276670 276684 290334 276696 276682 276674 
276674 277226 276704 276716 276738 276724 276710 276708 276728 276728 276746 276702 276738 276762 276722 290162 
276718 276706 276738 276746 276750 276740 276730 276740 276714 276750 276698 276746 276686 284642 276724 276710 
276720 276712 276734 276746 276728 276714 276744 276724 276724 277300 276702 276744 276708 276732 276732 276730 
290100 276716 276730 276752 276724 276718 276670 276740 276748 276688 276686 276704 276720 276710 276708 276740 
276734 276942 276738 289956 276746 276728 276876 276696 276742 276710 276708 276764 276730 276718 276692 276736 
276688 290034 276742 276736 276704 276726 276706 552030 63689352 0 0 0 0 0 0 0 
0 0 0 0 0 0 276698 276730 276728 276720 276698 276722 276706 276710 276732 276702 
276728 276684 276784 276778 276712 276708 276718 565540 63690050 0 0 0 0 0 0 0 
0 0 0 0 0 0 276788 276714 276706 276700 276712 276728 276716 276720 276732 276712 
276700 276730 276702 276752 276702 276774 276756 551970 63687040 0 0 0 0 0 0 0 
0 0 0 0 0 0 276734 276730 276770 276726 276754 276722 276762 276758 276784 276780 
277918 276756 276752 276772 276764 276728 276762 552034 63689368 0 0 0 0 0 0 0 
0 0 0 0 0 0 276700 276706 276730 276730 276716 276692 276734 276686 276680 276696 
276708 276712 276712 276692 276726 276738 276708 552040 63673072 0 0 0 0 0 0 0 
0 0 0 0 0 0 276732 276740 276744 276736 276760 276748 276744 290260 276718 276768 
276750 276750 276744 276958 276754 276742 276754 551990 63674534 0 0 0 0 0 0 0 
0 0 0 0 0 0 289510 276692 276704 276670 276706 276688 276710 276716 290316 276746 
276728 276752 276700 276748 276718 276704 276696 551992 63690732 0 0 0 0 0 0 0 
0 0 0 0 0 0 276706 276730 276726 276728 276722 276698 276742 276768 276712 290134 
276678 276678 276718 276710 276722 276724 276704 552002 63687730 0 0 0 0 0 0 0 
0 0 0 0 0 0 276754 276730 278650 276778 276752 276772 276970 276758 276784 276776 
290174 276924 276722 276720 276726 276748 276828 276778 276750 276758 276772 276766 276764 276714 276760 276788 
276784 276706 276780 290206 276774 276728 276738 276832 276760 277336 276712 277250 276690 276688 276680 276686 
276716 276704 276690 276726 276870 276980 276684 276660 276664 276658 276670 276672 276680 276688 276728 276676 
276740 276744 276686 276686 290126 276720 276700 276722 276692 277280 276696 276680 276700 276680 276714 276728 
276752 276736 276694 276708 276696 276684 276732 290148 276712 276682 276688 276716 276720 276730 276700 276710 
276716 276710 276726 276712 276676 289996 276686 276704 276716 276692 276846 276712 276720 276694 276768 276786 
276726 276676 276724 276696 276716 276760 276684 276712 290146 276706 276682 276724 276672 276702 276730 276754 
276676 276712 276706 276690 276690 276704 276694 276680 276686 276666 276704 290430 276754 276672 276734 276738 
276706 276684 276716 276722 276724 276710 276722 276734 276728 290298 276734 276690 276692 276722 276736 276736 
276714 277344 278014 276700 276706 276712 276716 276724 276692 276716 276732 276696 290202 276718 276680 276600 
276670 276700 276724 276724 276724 276718 276712 276724 276666 276688 289472 276678 276690 276698 276686 276660 
276684 276658 276692 276906 276654 276690 276662 276670 276810 276666 276694 276684 276696 290182 276674 276684 
276690 276656 276658 276718 276686 276660 276684 276666 276670 276686 276698 276690 276672 276630 276674 276698 
290182 276682 276636 276664 276656 276678 276682 276666 276676 276690 276670 276700 276698 276646 290288 276704 
276686 276666 276648 276662 276712 276656 276692 276684 276682 276644 276672 276670 276702 276646 276714 276650 
276708 290250 276678 276678 276678 276692 276698 276682 276710 276670 276658 276682 276690 276694 276738 278670 
276556 276542 276572 276572 276586 276608 276602 552026 63688824 0 0 0 0 0 0 0 
0 0 0 0 0 0 276568 276602 276608 276542 276588 276562 276592 276576 276716 276688 
276676 276680 276656 276672 276692 290202 276642 276678 276668 276680 276666 276666 276668 276678 276684 276690 
276708 276684 276680 289984 276644 276682 276706 276684 276664 276650 276660 276726 276676 276696 276676 276702 
276688 276684 276698 276684 276700 276652 290288 276684 276646 276660 276656 276674 276680 276684 276672 276662 
276658 276672 276686 276708 276654 276670 276670 276664 276656 276682 276678 276672 276688 276698 276624 276618 
276628 276716 276674 276710 276668 276868 276684 290124 276668 276674 276860 276704 276688 276666 276682 276722 
276654 276706 276698 276656 276694 276688 276676 276674 276686 276694 290384 276672 276684 276700 276666 276664 
276636 276640 276666 276650 276678 276676 276690 276674 290012 276668 276684 276684 276724 276684 276694 0 
measure the execution duration of each dsa operation
the execution period is 70627956
set memory access interval: 4414247
